<?xml version="1.0" encoding="UTF-8"?>
<!-- Generated by org.testng.reporters.JUnitReportReporter -->
<testsuite skipped="0" hostname="ICPL14054" name="com.automation.bd.automation_bd.AppTest1" tests="2" failures="0" timestamp="24 Dec 2019 19:24:21 GMT" time="0.007" errors="0">
  <testcase name="AppTest12" time="0.006" classname="com.automation.bd.automation_bd.AppTest1"/>
  <testcase name="AppTest13" time="0.001" classname="com.automation.bd.automation_bd.AppTest1"/>
</testsuite> <!-- com.automation.bd.automation_bd.AppTest1 -->
